<?xml version="1.0" encoding="UTF-8"?>
<!-- Generated by org.testng.reporters.JUnitXMLReporter -->
<testsuite ignored="0" hostname="DESKTOP-H6DIO61" failures="0" tests="6" name="Default test" time="0.07" errors="0" timestamp="2023-09-15T17:55:16 IST">
  <testcase classname="com.mAadhar.testing.LoginServiceTest" name="signInTest" time="0.01"/>
  <testcase classname="com.mAadhar.testing.LoginServiceTest" name="signUpTest" time="0.002"/>
  <testcase classname="com.mAadhar.testing.RequestServiceTest" name="AllAadhars" time="0.001"/>
  <testcase classname="com.mAadhar.testing.RequestServiceTest" name="ApplyAadharTest" time="0.001"/>
  <testcase classname="com.mAadhar.testing.RequestServiceTest" name="getAllRequestsTest" time="0.002"/>
  <testcase classname="com.mAadhar.testing.RequestServiceTest" name="viewmyAdharTest" time="0.002"/>
</testsuite> <!-- Default test -->
